<?xml version="1.0" encoding="UTF-8"?>
<testng-results skipped="0" failed="0" total="0" passed="0">
  <reporter-output>
  </reporter-output>
  <suite name="com.apex.service.customer.CustomerServiceTest" duration-ms="2" started-at="2017-02-10T07:27:46Z" finished-at="2017-02-10T07:27:46Z">
    <groups>
    </groups>
    <test name="Command line test" duration-ms="2" started-at="2017-02-10T07:27:46Z" finished-at="2017-02-10T07:27:46Z">
    </test> <!-- Command line test -->
  </suite> <!-- com.apex.service.customer.CustomerServiceTest -->
</testng-results>
